This is pdfTeX, Version 3.1415926-1.40.10 (TeX Live 2009/Debian) (format=pdflatex 2014.5.30)  8 JUN 2014 18:52
entering extended mode
 %&-line parsing enabled.
**acs-dissertation
(./acs-dissertation.tex
LaTeX2e <2009/09/24>
Babel <v3.8l> and hyphenation patterns for english, usenglishmax, dumylang, noh
yphenation, farsi, arabic, croatian, bulgarian, ukrainian, russian, czech, slov
ak, danish, dutch, finnish, french, basque, ngerman, german, german-x-2009-06-1
9, ngerman-x-2009-06-19, ibycus, monogreek, greek, ancientgreek, hungarian, san
skrit, italian, latin, latvian, lithuanian, mongolian2a, mongolian, bokmal, nyn
orsk, romanian, irish, coptic, serbian, turkish, welsh, esperanto, uppersorbian
, estonian, indonesian, interlingua, icelandic, kurmanji, slovenian, polish, po
rtuguese, spanish, galician, catalan, swedish, ukenglish, pinyin, loaded.
(/usr/share/texmf-texlive/tex/latex/base/report.cls
Document Class: report 2007/10/19 v1.4h Standard LaTeX document class
(/usr/share/texmf-texlive/tex/latex/base/size10.clo
File: size10.clo 2007/10/19 v1.4h Standard LaTeX file (size option)
)
\c@part=\count79
\c@chapter=\count80
\c@section=\count81
\c@subsection=\count82
\c@subsubsection=\count83
\c@paragraph=\count84
\c@subparagraph=\count85
\c@figure=\count86
\c@table=\count87
\abovecaptionskip=\skip41
\belowcaptionskip=\skip42
\bibindent=\dimen102
)
(/usr/share/texmf-texlive/tex/latex/graphics/epsfig.sty
Package: epsfig 1999/02/16 v1.7a (e)psfig emulation (SPQR)

(/usr/share/texmf-texlive/tex/latex/graphics/graphicx.sty
Package: graphicx 1999/02/16 v1.0f Enhanced LaTeX Graphics (DPC,SPQR)

(/usr/share/texmf-texlive/tex/latex/graphics/keyval.sty
Package: keyval 1999/03/16 v1.13 key=value parser (DPC)
\KV@toks@=\toks14
)
(/usr/share/texmf-texlive/tex/latex/graphics/graphics.sty
Package: graphics 2009/02/05 v1.0o Standard LaTeX Graphics (DPC,SPQR)

(/usr/share/texmf-texlive/tex/latex/graphics/trig.sty
Package: trig 1999/03/16 v1.09 sin cos tan (DPC)
)
(/etc/texmf/tex/latex/config/graphics.cfg
File: graphics.cfg 2009/08/28 v1.8 graphics configuration of TeX Live
)
Package graphics Info: Driver file: pdftex.def on input line 91.

(/usr/share/texmf-texlive/tex/latex/pdftex-def/pdftex.def
File: pdftex.def 2010/03/12 v0.04p Graphics/color for pdfTeX
\Gread@gobject=\count88
))
\Gin@req@height=\dimen103
\Gin@req@width=\dimen104
)
\epsfxsize=\dimen105
\epsfysize=\dimen106
)
(/usr/share/texmf-texlive/tex/latex/ltxmisc/parskip.sty
Package: parskip 2001/04/09 non-zero parskip adjustments
)
(/usr/share/texmf-texlive/tex/latex/setspace/setspace.sty
Package: setspace 2000/12/01 6.7 Contributed and Supported LaTeX2e package

Package: `setspace' 6.7 <2000/12/01>
) (/usr/share/texmf-texlive/tex/latex/tools/tabularx.sty
Package: tabularx 1999/01/07 v2.07 `tabularx' package (DPC)

(/usr/share/texmf-texlive/tex/latex/tools/array.sty
Package: array 2008/09/09 v2.4c Tabular extension package (FMi)
\col@sep=\dimen107
\extrarowheight=\dimen108
\NC@list=\toks15
\extratabsurround=\skip43
\backup@length=\skip44
)
\TX@col@width=\dimen109
\TX@old@table=\dimen110
\TX@old@col=\dimen111
\TX@target=\dimen112
\TX@delta=\dimen113
\TX@cols=\count89
\TX@ftn=\toks16
)
(/usr/share/texmf-texlive/tex/latex/tools/xspace.sty
Package: xspace 2006/05/08 v1.12 Space after command names (DPC,MH)
)
(/usr/share/texmf-texlive/tex/latex/booktabs/booktabs.sty
Package: booktabs 2005/04/14 v1.61803 publication quality tables
\heavyrulewidth=\dimen114
\lightrulewidth=\dimen115
\cmidrulewidth=\dimen116
\belowrulesep=\dimen117
\belowbottomsep=\dimen118
\aboverulesep=\dimen119
\abovetopsep=\dimen120
\cmidrulesep=\dimen121
\cmidrulekern=\dimen122
\defaultaddspace=\dimen123
\@cmidla=\count90
\@cmidlb=\count91
\@aboverulesep=\dimen124
\@belowrulesep=\dimen125
\@thisruleclass=\count92
\@lastruleclass=\count93
\@thisrulewidth=\dimen126
)
(/usr/share/texmf-texlive/tex/latex/oberdiek/epstopdf.sty
Package: epstopdf 2009/10/17 v2.4 Conversion with epstopdf on the fly (HO)

(/usr/share/texmf-texlive/tex/latex/oberdiek/epstopdf-base.sty
Package: epstopdf-base 2009/10/17 v2.4 Base part for package epstopdf

(/usr/share/texmf-texlive/tex/generic/oberdiek/infwarerr.sty
Package: infwarerr 2007/09/09 v1.2 Providing info/warning/message (HO)
)
(/usr/share/texmf-texlive/tex/latex/oberdiek/grfext.sty
Package: grfext 2007/09/30 v1.0 Managing graphics extensions (HO)
)
(/usr/share/texmf-texlive/tex/latex/oberdiek/kvoptions.sty
Package: kvoptions 2009/08/13 v3.4 Keyval support for LaTeX options (HO)

(/usr/share/texmf-texlive/tex/generic/oberdiek/kvsetkeys.sty
Package: kvsetkeys 2009/07/30 v1.5 Key value parser with default handler suppor
t (HO)

(/usr/share/texmf-texlive/tex/generic/oberdiek/etexcmds.sty
Package: etexcmds 2007/12/12 v1.2 Prefix for e-TeX command names (HO)
Package etexcmds Info: Could not find \expanded.
(etexcmds)             That can mean that you are not using pdfTeX 1.50 or
(etexcmds)             that some package has redefined \expanded.
(etexcmds)             In the latter case, load this package earlier.
)))
(/usr/share/texmf-texlive/tex/generic/oberdiek/pdftexcmds.sty
Package: pdftexcmds 2009/09/23 v0.6 LuaTeX support for pdfTeX utility functions
 (HO)

(/usr/share/texmf-texlive/tex/generic/oberdiek/ifluatex.sty
Package: ifluatex 2009/04/17 v1.2 Provides the ifluatex switch (HO)
Package ifluatex Info: LuaTeX not detected.
)
(/usr/share/texmf-texlive/tex/generic/oberdiek/ltxcmds.sty
Package: ltxcmds 2009/08/05 v1.0 Some LaTeX kernel commands for general use (HO
)
)
Package pdftexcmds Info: LuaTeX not detected.
Package pdftexcmds Info: \pdf@primitive is available.
Package pdftexcmds Info: \pdf@ifprimitive is available.
)

Package epstopdf Warning: Shell escape feature is not enabled.

Package grfext Info: Graphics extension search list:
(grfext)             [.png,.pdf,.jpg,.mps,.jpeg,.jbig2,.jb2,.PNG,.PDF,.JPG,.JPE
G,.JBIG2,.JB2,.eps]
(grfext)             \AppendGraphicsExtensions on input line 433.
(/usr/share/texmf-texlive/tex/latex/latexconfig/epstopdf-sys.cfg
File: epstopdf-sys.cfg 2009/10/26 v1.1 Configuration of epstopdf for TeX Live
)))
(/usr/share/texmf-texlive/tex/latex/caption/caption.sty
Package: caption 2009/10/09 v3.1k Customizing captions (AR)

(/usr/share/texmf-texlive/tex/latex/caption/caption3.sty
Package: caption3 2009/10/09 v3.1k caption3 kernel (AR)
\captionmargin=\dimen127
\captionmargin@=\dimen128
\captionwidth=\dimen129
\caption@indent=\dimen130
\caption@parindent=\dimen131
\caption@hangindent=\dimen132
)
\c@ContinuedFloat=\count94
)
(/usr/share/texmf-texlive/tex/latex/caption/subcaption.sty
Package: subcaption 2008/08/31 v1.0b Adding subcaptions (AR)
\c@subfigure=\count95
\c@subtable=\count96
)
(/usr/share/texmf-texlive/tex/latex/multirow/multirow.sty
\bigstrutjot=\dimen133
)
(/usr/share/texmf-texlive/tex/latex/todonotes/todonotes.sty
Package: todonotes 2009/08/01 .dtx Todonotes source and documentation.
Package: todonotes 2009/04/02

(/usr/share/texmf-texlive/tex/latex/base/ifthen.sty
Package: ifthen 2001/05/26 v1.1c Standard LaTeX ifthen package (DPC)
)
(/usr/share/texmf-texlive/tex/latex/xkeyval/xkeyval.sty
Package: xkeyval 2008/08/13 v2.6a package option processing (HA)

(/usr/share/texmf-texlive/tex/generic/xkeyval/xkeyval.tex
\XKV@toks=\toks17
\XKV@tempa@toks=\toks18
\XKV@depth=\count97
File: xkeyval.tex 2008/08/13 v2.6a key=value parser (HA)
))
(/usr/share/texmf/tex/latex/xcolor/xcolor.sty
Package: xcolor 2007/01/21 v2.11 LaTeX color extensions (UK)

(/etc/texmf/tex/latex/config/color.cfg
File: color.cfg 2007/01/18 v1.5 color configuration of teTeX/TeXLive
)
Package xcolor Info: Driver file: pdftex.def on input line 225.
Package xcolor Info: Model `cmy' substituted by `cmy0' on input line 1337.
Package xcolor Info: Model `hsb' substituted by `rgb' on input line 1341.
Package xcolor Info: Model `RGB' extended on input line 1353.
Package xcolor Info: Model `HTML' substituted by `rgb' on input line 1355.
Package xcolor Info: Model `Hsb' substituted by `hsb' on input line 1356.
Package xcolor Info: Model `tHsb' substituted by `hsb' on input line 1357.
Package xcolor Info: Model `HSB' substituted by `hsb' on input line 1358.
Package xcolor Info: Model `Gray' substituted by `gray' on input line 1359.
Package xcolor Info: Model `wave' substituted by `hsb' on input line 1360.
)
(/usr/share/texmf/tex/latex/pgf/frontendlayer/tikz.sty
(/usr/share/texmf/tex/latex/pgf/basiclayer/pgf.sty
(/usr/share/texmf/tex/latex/pgf/utilities/pgfrcs.sty
(/usr/share/texmf/tex/generic/pgf/utilities/pgfutil-common.tex
\pgfutil@everybye=\toks19
)
(/usr/share/texmf/tex/generic/pgf/utilities/pgfutil-latex.def
\pgfutil@abb=\box26

(/usr/share/texmf-texlive/tex/latex/ms/everyshi.sty
Package: everyshi 2001/05/15 v3.00 EveryShipout Package (MS)
))
(/usr/share/texmf/tex/generic/pgf/utilities/pgfrcs.code.tex
Package: pgfrcs 2010/10/25 v2.10 (rcs-revision 1.24)
))
Package: pgf 2008/01/15 v2.10 (rcs-revision 1.12)

(/usr/share/texmf/tex/latex/pgf/basiclayer/pgfcore.sty
(/usr/share/texmf/tex/latex/pgf/systemlayer/pgfsys.sty
(/usr/share/texmf/tex/generic/pgf/systemlayer/pgfsys.code.tex
Package: pgfsys 2010/06/30 v2.10 (rcs-revision 1.37)

(/usr/share/texmf/tex/generic/pgf/utilities/pgfkeys.code.tex
\pgfkeys@pathtoks=\toks20
\pgfkeys@temptoks=\toks21

(/usr/share/texmf/tex/generic/pgf/utilities/pgfkeysfiltered.code.tex
\pgfkeys@tmptoks=\toks22
))
\pgf@x=\dimen134
\pgf@y=\dimen135
\pgf@xa=\dimen136
\pgf@ya=\dimen137
\pgf@xb=\dimen138
\pgf@yb=\dimen139
\pgf@xc=\dimen140
\pgf@yc=\dimen141
\w@pgf@writea=\write3
\r@pgf@reada=\read1
\c@pgf@counta=\count98
\c@pgf@countb=\count99
\c@pgf@countc=\count100
\c@pgf@countd=\count101

(/usr/share/texmf/tex/generic/pgf/systemlayer/pgf.cfg
File: pgf.cfg 2008/05/14  (rcs-revision 1.7)
)
Package pgfsys Info: Driver file for pgf: pgfsys-pdftex.def on input line 900.

(/usr/share/texmf/tex/generic/pgf/systemlayer/pgfsys-pdftex.def
File: pgfsys-pdftex.def 2009/05/22  (rcs-revision 1.26)

(/usr/share/texmf/tex/generic/pgf/systemlayer/pgfsys-common-pdf.def
File: pgfsys-common-pdf.def 2008/05/19  (rcs-revision 1.10)
)))
(/usr/share/texmf/tex/generic/pgf/systemlayer/pgfsyssoftpath.code.tex
File: pgfsyssoftpath.code.tex 2008/07/18  (rcs-revision 1.7)
\pgfsyssoftpath@smallbuffer@items=\count102
\pgfsyssoftpath@bigbuffer@items=\count103
)
(/usr/share/texmf/tex/generic/pgf/systemlayer/pgfsysprotocol.code.tex
File: pgfsysprotocol.code.tex 2006/10/16  (rcs-revision 1.4)
))
(/usr/share/texmf/tex/generic/pgf/basiclayer/pgfcore.code.tex
Package: pgfcore 2010/04/11 v2.10 (rcs-revision 1.7)

(/usr/share/texmf/tex/generic/pgf/math/pgfmath.code.tex
(/usr/share/texmf/tex/generic/pgf/math/pgfmathcalc.code.tex
(/usr/share/texmf/tex/generic/pgf/math/pgfmathutil.code.tex)
(/usr/share/texmf/tex/generic/pgf/math/pgfmathparser.code.tex
\pgfmath@dimen=\dimen142
\pgfmath@count=\count104
\pgfmath@box=\box27
\pgfmath@toks=\toks23
\pgfmath@stack@operand=\toks24
\pgfmath@stack@operation=\toks25
)
(/usr/share/texmf/tex/generic/pgf/math/pgfmathfunctions.code.tex
(/usr/share/texmf/tex/generic/pgf/math/pgfmathfunctions.basic.code.tex)
(/usr/share/texmf/tex/generic/pgf/math/pgfmathfunctions.trigonometric.code.tex)
(/usr/share/texmf/tex/generic/pgf/math/pgfmathfunctions.random.code.tex)
(/usr/share/texmf/tex/generic/pgf/math/pgfmathfunctions.comparison.code.tex)
(/usr/share/texmf/tex/generic/pgf/math/pgfmathfunctions.base.code.tex)
(/usr/share/texmf/tex/generic/pgf/math/pgfmathfunctions.round.code.tex)
(/usr/share/texmf/tex/generic/pgf/math/pgfmathfunctions.misc.code.tex)))
(/usr/share/texmf/tex/generic/pgf/math/pgfmathfloat.code.tex
\c@pgfmathroundto@lastzeros=\count105
))
(/usr/share/texmf/tex/generic/pgf/basiclayer/pgfcorepoints.code.tex
File: pgfcorepoints.code.tex 2010/04/09  (rcs-revision 1.20)
\pgf@picminx=\dimen143
\pgf@picmaxx=\dimen144
\pgf@picminy=\dimen145
\pgf@picmaxy=\dimen146
\pgf@pathminx=\dimen147
\pgf@pathmaxx=\dimen148
\pgf@pathminy=\dimen149
\pgf@pathmaxy=\dimen150
\pgf@xx=\dimen151
\pgf@xy=\dimen152
\pgf@yx=\dimen153
\pgf@yy=\dimen154
\pgf@zx=\dimen155
\pgf@zy=\dimen156
)
(/usr/share/texmf/tex/generic/pgf/basiclayer/pgfcorepathconstruct.code.tex
File: pgfcorepathconstruct.code.tex 2010/08/03  (rcs-revision 1.24)
\pgf@path@lastx=\dimen157
\pgf@path@lasty=\dimen158
)
(/usr/share/texmf/tex/generic/pgf/basiclayer/pgfcorepathusage.code.tex
File: pgfcorepathusage.code.tex 2008/04/22  (rcs-revision 1.12)
\pgf@shorten@end@additional=\dimen159
\pgf@shorten@start@additional=\dimen160
)
(/usr/share/texmf/tex/generic/pgf/basiclayer/pgfcorescopes.code.tex
File: pgfcorescopes.code.tex 2010/09/08  (rcs-revision 1.34)
\pgfpic=\box28
\pgf@hbox=\box29
\pgf@layerbox@main=\box30
\pgf@picture@serial@count=\count106
)
(/usr/share/texmf/tex/generic/pgf/basiclayer/pgfcoregraphicstate.code.tex
File: pgfcoregraphicstate.code.tex 2008/04/22  (rcs-revision 1.9)
\pgflinewidth=\dimen161
)
(/usr/share/texmf/tex/generic/pgf/basiclayer/pgfcoretransformations.code.tex
File: pgfcoretransformations.code.tex 2009/06/10  (rcs-revision 1.11)
\pgf@pt@x=\dimen162
\pgf@pt@y=\dimen163
\pgf@pt@temp=\dimen164
)
(/usr/share/texmf/tex/generic/pgf/basiclayer/pgfcorequick.code.tex
File: pgfcorequick.code.tex 2008/10/09  (rcs-revision 1.3)
)
(/usr/share/texmf/tex/generic/pgf/basiclayer/pgfcoreobjects.code.tex
File: pgfcoreobjects.code.tex 2006/10/11  (rcs-revision 1.2)
)
(/usr/share/texmf/tex/generic/pgf/basiclayer/pgfcorepathprocessing.code.tex
File: pgfcorepathprocessing.code.tex 2008/10/09  (rcs-revision 1.8)
)
(/usr/share/texmf/tex/generic/pgf/basiclayer/pgfcorearrows.code.tex
File: pgfcorearrows.code.tex 2008/04/23  (rcs-revision 1.11)
)
(/usr/share/texmf/tex/generic/pgf/basiclayer/pgfcoreshade.code.tex
File: pgfcoreshade.code.tex 2008/11/23  (rcs-revision 1.13)
\pgf@max=\dimen165
\pgf@sys@shading@range@num=\count107
)
(/usr/share/texmf/tex/generic/pgf/basiclayer/pgfcoreimage.code.tex
File: pgfcoreimage.code.tex 2010/03/25  (rcs-revision 1.16)

(/usr/share/texmf/tex/generic/pgf/basiclayer/pgfcoreexternal.code.tex
File: pgfcoreexternal.code.tex 2010/09/01  (rcs-revision 1.17)
\pgfexternal@startupbox=\box31
))
(/usr/share/texmf/tex/generic/pgf/basiclayer/pgfcorelayers.code.tex
File: pgfcorelayers.code.tex 2010/08/27  (rcs-revision 1.2)
)
(/usr/share/texmf/tex/generic/pgf/basiclayer/pgfcoretransparency.code.tex
File: pgfcoretransparency.code.tex 2008/01/17  (rcs-revision 1.2)
)
(/usr/share/texmf/tex/generic/pgf/basiclayer/pgfcorepatterns.code.tex
File: pgfcorepatterns.code.tex 2009/07/02  (rcs-revision 1.3)
)))
(/usr/share/texmf/tex/generic/pgf/modules/pgfmoduleshapes.code.tex
File: pgfmoduleshapes.code.tex 2010/09/09  (rcs-revision 1.13)
\pgfnodeparttextbox=\box32
)
(/usr/share/texmf/tex/generic/pgf/modules/pgfmoduleplot.code.tex
File: pgfmoduleplot.code.tex 2010/10/22  (rcs-revision 1.8)
)
(/usr/share/texmf/tex/latex/pgf/compatibility/pgfcomp-version-0-65.sty
Package: pgfcomp-version-0-65 2007/07/03 v2.10 (rcs-revision 1.7)
\pgf@nodesepstart=\dimen166
\pgf@nodesepend=\dimen167
)
(/usr/share/texmf/tex/latex/pgf/compatibility/pgfcomp-version-1-18.sty
Package: pgfcomp-version-1-18 2007/07/23 v2.10 (rcs-revision 1.1)
))
(/usr/share/texmf/tex/latex/pgf/utilities/pgffor.sty
(/usr/share/texmf/tex/latex/pgf/utilities/pgfkeys.sty
(/usr/share/texmf/tex/generic/pgf/utilities/pgfkeys.code.tex))
(/usr/share/texmf/tex/generic/pgf/utilities/pgffor.code.tex
Package: pgffor 2010/03/23 v2.10 (rcs-revision 1.18)
\pgffor@iter=\dimen168
\pgffor@skip=\dimen169
\pgffor@stack=\toks26
\pgffor@toks=\toks27
))
(/usr/share/texmf/tex/generic/pgf/frontendlayer/tikz/tikz.code.tex
Package: tikz 2010/10/13 v2.10 (rcs-revision 1.76)

(/usr/share/texmf/tex/generic/pgf/libraries/pgflibraryplothandlers.code.tex
File: pgflibraryplothandlers.code.tex 2010/05/31 v2.10 (rcs-revision 1.15)
\pgf@plot@mark@count=\count108
\pgfplotmarksize=\dimen170
)
\tikz@lastx=\dimen171
\tikz@lasty=\dimen172
\tikz@lastxsaved=\dimen173
\tikz@lastysaved=\dimen174
\tikzleveldistance=\dimen175
\tikzsiblingdistance=\dimen176
\tikz@figbox=\box33
\tikz@tempbox=\box34
\tikztreelevel=\count109
\tikznumberofchildren=\count110
\tikznumberofcurrentchild=\count111
\tikz@fig@count=\count112

(/usr/share/texmf/tex/generic/pgf/modules/pgfmodulematrix.code.tex
File: pgfmodulematrix.code.tex 2010/08/24  (rcs-revision 1.4)
\pgfmatrixcurrentrow=\count113
\pgfmatrixcurrentcolumn=\count114
\pgf@matrix@numberofcolumns=\count115
)
\tikz@expandcount=\count116

(/usr/share/texmf/tex/generic/pgf/frontendlayer/tikz/libraries/tikzlibrarytopat
hs.code.tex
File: tikzlibrarytopaths.code.tex 2008/06/17 v2.10 (rcs-revision 1.2)
))) (/usr/share/texmf-texlive/tex/latex/tools/calc.sty
Package: calc 2007/08/22 v4.3 Infix arithmetic (KKT,FJ)
\calc@Acount=\count117
\calc@Bcount=\count118
\calc@Adimen=\dimen177
\calc@Bdimen=\dimen178
\calc@Askip=\skip45
\calc@Bskip=\skip46
LaTeX Info: Redefining \setlength on input line 76.
LaTeX Info: Redefining \addtolength on input line 77.
\calc@Ccount=\count119
\calc@Cskip=\skip47
)
\c@@todonotes@numberoftodonotes=\count120
)
(/usr/share/texmf-texlive/tex/latex/hyperref/hyperref.sty
Package: hyperref 2009/10/09 v6.79a Hypertext links for LaTeX

(/usr/share/texmf-texlive/tex/generic/oberdiek/ifpdf.sty
Package: ifpdf 2009/04/10 v2.0 Provides the ifpdf switch (HO)
Package ifpdf Info: pdfTeX in pdf mode detected.
)
(/usr/share/texmf-texlive/tex/generic/oberdiek/ifvtex.sty
Package: ifvtex 2008/11/04 v1.4 Switches for detecting VTeX and its modes (HO)
Package ifvtex Info: VTeX not detected.
)
(/usr/share/texmf-texlive/tex/generic/ifxetex/ifxetex.sty
Package: ifxetex 2009/01/23 v0.5 Provides ifxetex conditional
)
(/usr/share/texmf-texlive/tex/latex/oberdiek/hycolor.sty
Package: hycolor 2009/10/02 v1.5 Code for color options of hyperref/bookmark (H
O)

(/usr/share/texmf-texlive/tex/latex/oberdiek/xcolor-patch.sty
Package: xcolor-patch 2009/10/02 xcolor patch
))
\@linkdim=\dimen179
\Hy@linkcounter=\count121
\Hy@pagecounter=\count122

(/usr/share/texmf-texlive/tex/latex/hyperref/pd1enc.def
File: pd1enc.def 2009/10/09 v6.79a Hyperref: PDFDocEncoding definition (HO)
)
(/usr/share/texmf-texlive/tex/latex/latexconfig/hyperref.cfg
File: hyperref.cfg 2002/06/06 v1.2 hyperref configuration of TeXLive
)
Package hyperref Info: Hyper figures OFF on input line 2975.
Package hyperref Info: Link nesting OFF on input line 2980.
Package hyperref Info: Hyper index ON on input line 2983.
Package hyperref Info: Plain pages OFF on input line 2990.
Package hyperref Info: Backreferencing ON on input line 2993.

Implicit mode ON; LaTeX internals redefined
Package hyperref Info: Bookmarks ON on input line 3191.
(/usr/share/texmf-texlive/tex/latex/hyperref/backref.sty
Package: backref 2006/09/05 v1.28 Bibliographical back referencing
)
(/usr/share/texmf-texlive/tex/latex/ltxmisc/url.sty
\Urlmuskip=\muskip10
Package: url 2006/04/12  ver 3.3  Verb mode for urls, etc.
)
LaTeX Info: Redefining \url on input line 3428.

(/usr/share/texmf-texlive/tex/generic/oberdiek/bitset.sty
Package: bitset 2007/09/28 v1.0 Data type bit set (HO)

(/usr/share/texmf-texlive/tex/generic/oberdiek/intcalc.sty
Package: intcalc 2007/09/27 v1.1 Expandable integer calculations (HO)
)
(/usr/share/texmf-texlive/tex/generic/oberdiek/bigintcalc.sty
Package: bigintcalc 2007/11/11 v1.1 Expandable big integer calculations (HO)
))
\Fld@menulength=\count123
\Field@Width=\dimen180
\Fld@charsize=\dimen181
\Field@toks=\toks28
Package hyperref Info: Hyper figures OFF on input line 4377.
Package hyperref Info: Link nesting OFF on input line 4382.
Package hyperref Info: Hyper index ON on input line 4385.
Package hyperref Info: backreferencing ON on input line 4390.
Package hyperref Info: Link coloring OFF on input line 4397.
Package hyperref Info: Link coloring with OCG OFF on input line 4402.
Package hyperref Info: PDF/A mode OFF on input line 4407.

(/usr/share/texmf-texlive/tex/generic/oberdiek/atbegshi.sty
Package: atbegshi 2008/07/31 v1.9 At begin shipout hook (HO)
)
\Hy@abspage=\count124
\c@Item=\count125
)
*hyperref using default driver hpdftex*
(/usr/share/texmf-texlive/tex/latex/hyperref/hpdftex.def
File: hpdftex.def 2009/10/09 v6.79a Hyperref driver for pdfTeX
\Fld@listcount=\count126
)
(/usr/share/texmf-texlive/tex/latex/float/float.sty
Package: float 2001/11/08 v1.3d Float enhancements (AL)
\c@float@type=\count127
\float@exts=\toks29
\float@box=\box35
\@float@everytoks=\toks30
\@floatcapt=\box36
)
(/usr/share/texmf-texlive/tex/latex/base/fontenc.sty
Package: fontenc 2005/09/27 v1.99g Standard LaTeX package

(/usr/share/texmf-texlive/tex/latex/base/t1enc.def
File: t1enc.def 2005/09/27 v1.99g Standard LaTeX file
LaTeX Font Info:    Redeclaring font encoding T1 on input line 43.
)) (./acs-dissertation.aux

LaTeX Warning: Label `tab:bestParts' multiply defined.


LaTeX Warning: Label `fig:tdf21PSampDist' multiply defined.


LaTeX Warning: Label `fig:tdf21PSampDist' multiply defined.


LaTeX Warning: Label `tab:bestParts' multiply defined.

)
\openout1 = `acs-dissertation.aux'.

LaTeX Font Info:    Checking defaults for OML/cmm/m/it on input line 40.
LaTeX Font Info:    ... okay on input line 40.
LaTeX Font Info:    Checking defaults for T1/cmr/m/n on input line 40.
LaTeX Font Info:    ... okay on input line 40.
LaTeX Font Info:    Checking defaults for OT1/cmr/m/n on input line 40.
LaTeX Font Info:    ... okay on input line 40.
LaTeX Font Info:    Checking defaults for OMS/cmsy/m/n on input line 40.
LaTeX Font Info:    ... okay on input line 40.
LaTeX Font Info:    Checking defaults for OMX/cmex/m/n on input line 40.
LaTeX Font Info:    ... okay on input line 40.
LaTeX Font Info:    Checking defaults for U/cmr/m/n on input line 40.
LaTeX Font Info:    ... okay on input line 40.
LaTeX Font Info:    Checking defaults for PD1/pdf/m/n on input line 40.
LaTeX Font Info:    ... okay on input line 40.
 (/usr/share/texmf-texlive/tex/context/base/supp-pdf.mkii
[Loading MPS to PDF converter (version 2006.09.02).]
\scratchcounter=\count128
\scratchdimen=\dimen182
\scratchbox=\box37
\nofMPsegments=\count129
\nofMParguments=\count130
\everyMPshowfont=\toks31
\MPscratchCnt=\count131
\MPscratchDim=\dimen183
\MPnumerator=\count132
\everyMPtoPDFconversion=\toks32
)
Package caption Info: Begin \AtBeginDocument code.
Package caption Info: float package is loaded.
Package caption Info: hyperref package is loaded.
Package caption Info: End \AtBeginDocument code.
 ABD: EveryShipout initializing macros
Package hyperref Info: Link coloring OFF on input line 40.

(/usr/share/texmf-texlive/tex/latex/hyperref/nameref.sty
Package: nameref 2007/05/29 v2.31 Cross-referencing by name of section

(/usr/share/texmf-texlive/tex/latex/oberdiek/refcount.sty
Package: refcount 2008/08/11 v3.1 Data extraction from references (HO)
)
\c@section@level=\count133
)
LaTeX Info: Redefining \ref on input line 40.
LaTeX Info: Redefining \pageref on input line 40.

(./acs-dissertation.out) (./acs-dissertation.out)
\@outlinefile=\write4
\openout4 = `acs-dissertation.out'.

\AtBeginShipoutBox=\box38
 (./titlepage.tex
<CUni3.pdf, id=150, 330.23375pt x 69.25874pt>
File: CUni3.pdf Graphic file (type pdf)
 <use CUni3.pdf> [1

{/var/lib/texmf/fonts/map/pdftex/updmap/pdftex.map} <./CUni3.pdf>]) (./declarat
ion.tex
[2]
LaTeX Font Info:    Try loading font information for OMS+cmr on input line 25.
 (/usr/share/texmf-texlive/tex/latex/base/omscmr.fd
File: omscmr.fd 1999/05/25 v2.5h Standard LaTeX font definitions
)
LaTeX Font Info:    Font shape `OMS/cmr/m/n' in size <10> not available
(Font)              Font shape `OMS/cmsy/m/n' tried instead on input line 25.
 [3]) (./abstract.tex
[4] [5]) [0] (./acs-dissertation.toc
LaTeX Font Info:    External font `cmex10' loaded for size
(Font)              <7> on input line 2.
LaTeX Font Info:    External font `cmex10' loaded for size
(Font)              <5> on input line 2.
 [1

])
\tf@toc=\write5
\openout5 = `acs-dissertation.toc'.

 [2] (./acs-dissertation.lof
Underfull \vbox (badness 4543) has occurred while \output is active []

 [3

]

LaTeX Warning: Reference `fig' on page iv undefined on input line 28.


LaTeX Warning: Reference `fig' on page iv undefined on input line 29.


Overfull \hbox (26.13162pt too wide) in paragraph at lines 36--36
 [][] [][]\T1/cmr/m/n/10 Sample dis-tri-bu-tion from run-ning cus-tom, lightwei
ght style, Metropolis- 
 []


Underfull \vbox (badness 2809) has occurred while \output is active []

 [4])
\tf@lof=\write6
\openout6 = `acs-dissertation.lof'.


[5] [6

] (./acs-dissertation.lot)
\tf@lot=\write7
\openout7 = `acs-dissertation.lot'.

 (./introduction.tex [7] [8

]
Chapter 1.
) (./relatedWork.texpdfTeX warning (ext4): destination with the same identifier
 (name{page.1}) has been already used, duplicate ignored
<to be read again> 
                   \relax 
l.1 \chapter
            {Related Work} [1]pdfTeX warning (ext4): destination with the same 
identifier (name{page.2}) has been already used, duplicate ignored
<to be read again> 
                   \relax 
l.1 \chapter
            {Related Work} [2

]
Chapter 2.
) (./perfComp.texpdfTeX warning (ext4): destination with the same identifier (n
ame{page.3}) has been already used, duplicate ignored
<to be read again> 
                   \relax 
l.1 \chapter
            {Comparing Venture and OpenBUGS} [3]pdfTeX warning (ext4): destinat
ion with the same identifier (name{page.4}) has been already used, duplicate ig
nored
<to be read again> 
                   \relax 
l.1 \chapter
            {Comparing Venture and OpenBUGS} [4

]
Chapter 3.
pdfTeX warning (ext4): destination with the same identifier (name{page.5}) has 
been already used, duplicate ignored
<to be read again> 
                   \relax 
l.11 \section
             {Preliminaries} [5]
Package hyperref Info: bookmark level for unknown todo defaults to 0 on input l
ine 12.
 [6]

LaTeX Warning: Marginpar on page 7 moved.

LaTeX Font Info:    Try loading font information for T1+cmtt on input line 41.
(/usr/share/texmf-texlive/tex/latex/base/t1cmtt.fd
File: t1cmtt.fd 1999/05/25 v2.5h Standard LaTeX font definitions
)
Underfull \hbox (badness 10000) in paragraph at lines 51--52

 []


</home/haggis/Desktop/PP_Models/dissertation/imgs/TdfCourseDiscPost.pdf, id=480
, 587.19376pt x 442.65375pt>
File: /home/haggis/Desktop/PP_Models/dissertation/imgs/TdfCourseDiscPost.pdf Gr
aphic file (type pdf)

<use /home/haggis/Desktop/PP_Models/dissertation/imgs/TdfCourseDiscPost.pdf>
</home/haggis/Desktop/PP_Models/dissertation/imgs/TdfFineDiscPost.pdf, id=482, 
587.19376pt x 442.65375pt>
File: /home/haggis/Desktop/PP_Models/dissertation/imgs/TdfFineDiscPost.pdf Grap
hic file (type pdf)

<use /home/haggis/Desktop/PP_Models/dissertation/imgs/TdfFineDiscPost.pdf>
</home/haggis/Desktop/PP_Models/dissertation/imgs/TdfContPost.pdf, id=484, 587.
19376pt x 442.65375pt>
File: /home/haggis/Desktop/PP_Models/dissertation/imgs/TdfContPost.pdf Graphic 
file (type pdf)

<use /home/haggis/Desktop/PP_Models/dissertation/imgs/TdfContPost.pdf> [7]
</home/haggis/Desktop/PP_Models/dissertation/imgs/TdfCourseDiscSamps.pdf, id=49
7, 587.19376pt x 442.65375pt>
File: /home/haggis/Desktop/PP_Models/dissertation/imgs/TdfCourseDiscSamps.pdf G
raphic file (type pdf)

<use /home/haggis/Desktop/PP_Models/dissertation/imgs/TdfCourseDiscSamps.pdf>
</home/haggis/Desktop/PP_Models/dissertation/imgs/TdfCourseDiscConv.pdf, id=499
, 587.19376pt x 442.65375pt>
File: /home/haggis/Desktop/PP_Models/dissertation/imgs/TdfCourseDiscConv.pdf Gr
aphic file (type pdf)

<use /home/haggis/Desktop/PP_Models/dissertation/imgs/TdfCourseDiscConv.pdf>
</home/haggis/Desktop/PP_Models/dissertation/imgs/TdfFineDiscSamps.pdf, id=502,
 587.19376pt x 442.65375pt>
File: /home/haggis/Desktop/PP_Models/dissertation/imgs/TdfFineDiscSamps.pdf Gra
phic file (type pdf)

<use /home/haggis/Desktop/PP_Models/dissertation/imgs/TdfFineDiscSamps.pdf>
</home/haggis/Desktop/PP_Models/dissertation/imgs/TdfFineDiscConv.pdf, id=504, 
587.19376pt x 442.65375pt>
File: /home/haggis/Desktop/PP_Models/dissertation/imgs/TdfFineDiscConv.pdf Grap
hic file (type pdf)

<use /home/haggis/Desktop/PP_Models/dissertation/imgs/TdfFineDiscConv.pdf>

LaTeX Warning: `h' float specifier changed to `ht'.

[8 </home/haggis/Desktop/PP_Models/dissertation/imgs/TdfCourseDiscPost.pdf> </h
ome/haggis/Desktop/PP_Models/dissertation/imgs/TdfFineDiscPost.pdf> </home/hagg
is/Desktop/PP_Models/dissertation/imgs/TdfContPost.pdf> </home/haggis/Desktop/P
P_Models/dissertation/imgs/TdfCourseDiscSamps.pdf> </home/haggis/Desktop/PP_Mod
els/dissertation/imgs/TdfCourseDiscConv.pdf>]
</home/haggis/Desktop/PP_Models/dissertation/imgs/TdfContSamps.pdf, id=718, 587
.19376pt x 442.65375pt>
File: /home/haggis/Desktop/PP_Models/dissertation/imgs/TdfContSamps.pdf Graphic
 file (type pdf)

<use /home/haggis/Desktop/PP_Models/dissertation/imgs/TdfContSamps.pdf>
</home/haggis/Desktop/PP_Models/dissertation/imgs/TdfContConv.pdf, id=720, 587.
19376pt x 442.65375pt>
File: /home/haggis/Desktop/PP_Models/dissertation/imgs/TdfContConv.pdf Graphic 
file (type pdf)

<use /home/haggis/Desktop/PP_Models/dissertation/imgs/TdfContConv.pdf>

LaTeX Warning: `h' float specifier changed to `ht'.

[9 </home/haggis/Desktop/PP_Models/dissertation/imgs/TdfFineDiscSamps.pdf> </ho
me/haggis/Desktop/PP_Models/dissertation/imgs/TdfFineDiscConv.pdf>]
</home/haggis/Desktop/PP_Models/dissertation/imgs/TdfContRuns.pdf, id=818, 587.
19376pt x 442.65375pt>
File: /home/haggis/Desktop/PP_Models/dissertation/imgs/TdfContRuns.pdf Graphic 
file (type pdf)

<use /home/haggis/Desktop/PP_Models/dissertation/imgs/TdfContRuns.pdf>

LaTeX Warning: `h' float specifier changed to `ht'.

[10 </home/haggis/Desktop/PP_Models/dissertation/imgs/TdfContSamps.pdf> </home/
haggis/Desktop/PP_Models/dissertation/imgs/TdfContConv.pdf>]

LaTeX Warning: Marginpar on page 11 moved.

) (./partPrior.tex [11 </home/haggis/Desktop/PP_Models/dissertation/imgs/TdfCon
tRuns.pdf>] [12

]
Chapter 4.

LaTeX Warning: Reference `whoKnows' on page 13 undefined on input line 9.

[13] [14]
</home/haggis/Desktop/PP_Models/dissertation/imgs/Tdf1295Prior.pdf, id=980, 587
.19376pt x 442.65375pt>
File: /home/haggis/Desktop/PP_Models/dissertation/imgs/Tdf1295Prior.pdf Graphic
 file (type pdf)

<use /home/haggis/Desktop/PP_Models/dissertation/imgs/Tdf1295Prior.pdf>
[15 </home/haggis/Desktop/PP_Models/dissertation/imgs/Tdf1295Prior.pdf>]
[16]

LaTeX Warning: Reference `tab:partMix' on page 17 undefined on input line 76.


Overfull \hbox (1.95189pt too wide) in paragraph at lines 82--99
 [][] 
 []


</home/haggis/Desktop/PP_Models/dissertation/imgs/TdfSampEvol.pdf, id=1036, 587
.19376pt x 442.65375pt>
File: /home/haggis/Desktop/PP_Models/dissertation/imgs/TdfSampEvol.pdf Graphic 
file (type pdf)

<use /home/haggis/Desktop/PP_Models/dissertation/imgs/TdfSampEvol.pdf>
</home/haggis/Desktop/PP_Models/dissertation/imgs/Tdf1295SampEvol.pdf, id=1038,
 587.19376pt x 442.65375pt>
File: /home/haggis/Desktop/PP_Models/dissertation/imgs/Tdf1295SampEvol.pdf Grap
hic file (type pdf)

<use /home/haggis/Desktop/PP_Models/dissertation/imgs/Tdf1295SampEvol.pdf>
[17]
</home/haggis/Desktop/PP_Models/dissertation/imgs/TdfAutoCorr.pdf, id=1045, 587
.19376pt x 442.65375pt>
File: /home/haggis/Desktop/PP_Models/dissertation/imgs/TdfAutoCorr.pdf Graphic 
file (type pdf)

<use /home/haggis/Desktop/PP_Models/dissertation/imgs/TdfAutoCorr.pdf>
</home/haggis/Desktop/PP_Models/dissertation/imgs/Tdf1295AutoCorr.pdf, id=1047,
 587.19376pt x 442.65375pt>
File: /home/haggis/Desktop/PP_Models/dissertation/imgs/Tdf1295AutoCorr.pdf Grap
hic file (type pdf)

<use /home/haggis/Desktop/PP_Models/dissertation/imgs/Tdf1295AutoCorr.pdf>
</home/haggis/Desktop/PP_Models/dissertation/imgs/TdfSampDist.pdf, id=1051, 587
.19376pt x 442.65375pt>
File: /home/haggis/Desktop/PP_Models/dissertation/imgs/TdfSampDist.pdf Graphic 
file (type pdf)

<use /home/haggis/Desktop/PP_Models/dissertation/imgs/TdfSampDist.pdf>
</home/haggis/Desktop/PP_Models/dissertation/imgs/Tdf1295SampDist.pdf, id=1053,
 587.19376pt x 442.65375pt>
File: /home/haggis/Desktop/PP_Models/dissertation/imgs/Tdf1295SampDist.pdf Grap
hic file (type pdf)

<use /home/haggis/Desktop/PP_Models/dissertation/imgs/Tdf1295SampDist.pdf>

LaTeX Warning: `h' float specifier changed to `ht'.


Underfull \vbox (badness 4792) has occurred while \output is active []

 [18 </home/haggis/Desktop/PP_Models/dissertation/imgs/TdfSampEvol.pdf> </home/
haggis/Desktop/PP_Models/dissertation/imgs/Tdf1295SampEvol.pdf> </home/haggis/D
esktop/PP_Models/dissertation/imgs/TdfAutoCorr.pdf> </home/haggis/Desktop/PP_Mo
dels/dissertation/imgs/Tdf1295AutoCorr.pdf>]
File: /home/haggis/Desktop/PP_Models/dissertation/imgs/TdfContPost.pdf Graphic 
file (type pdf)

<use /home/haggis/Desktop/PP_Models/dissertation/imgs/TdfContPost.pdf>
</home/haggis/Desktop/PP_Models/dissertation/imgs/Tdf21Post.pdf, id=1205, 587.1
9376pt x 442.65375pt>
File: /home/haggis/Desktop/PP_Models/dissertation/imgs/Tdf21Post.pdf Graphic fi
le (type pdf)

<use /home/haggis/Desktop/PP_Models/dissertation/imgs/Tdf21Post.pdf>
</home/haggis/Desktop/PP_Models/dissertation/imgs/TdfContLL.pdf, id=1207, 587.1
9376pt x 442.65375pt>
File: /home/haggis/Desktop/PP_Models/dissertation/imgs/TdfContLL.pdf Graphic fi
le (type pdf)

<use /home/haggis/Desktop/PP_Models/dissertation/imgs/TdfContLL.pdf>
</home/haggis/Desktop/PP_Models/dissertation/imgs/Tdf21LL.pdf, id=1209, 594.420
76pt x 442.65375pt>
File: /home/haggis/Desktop/PP_Models/dissertation/imgs/Tdf21LL.pdf Graphic file
 (type pdf)

<use /home/haggis/Desktop/PP_Models/dissertation/imgs/Tdf21LL.pdf>

LaTeX Warning: `h' float specifier changed to `ht'.

[19 </home/haggis/Desktop/PP_Models/dissertation/imgs/TdfSampDist.pdf> </home/h
aggis/Desktop/PP_Models/dissertation/imgs/Tdf1295SampDist.pdf> </home/haggis/De
sktop/PP_Models/dissertation/imgs/Tdf21Post.pdf>]
</home/haggis/Desktop/PP_Models/dissertation/imgs/Tdf21SampEvol.pdf, id=1331, 5
87.19376pt x 442.65375pt>
File: /home/haggis/Desktop/PP_Models/dissertation/imgs/Tdf21SampEvol.pdf Graphi
c file (type pdf)

<use /home/haggis/Desktop/PP_Models/dissertation/imgs/Tdf21SampEvol.pdf>
</home/haggis/Desktop/PP_Models/dissertation/imgs/Tdf211295SampEvol.pdf, id=133
3, 587.19376pt x 442.65375pt>
File: /home/haggis/Desktop/PP_Models/dissertation/imgs/Tdf211295SampEvol.pdf Gr
aphic file (type pdf)

<use /home/haggis/Desktop/PP_Models/dissertation/imgs/Tdf211295SampEvol.pdf>
[20 </home/haggis/Desktop/PP_Models/dissertation/imgs/TdfContLL.pdf> </home/hag
gis/Desktop/PP_Models/dissertation/imgs/Tdf21LL.pdf> </home/haggis/Desktop/PP_M
odels/dissertation/imgs/Tdf21SampEvol.pdf> </home/haggis/Desktop/PP_Models/diss
ertation/imgs/Tdf211295SampEvol.pdf>]
</home/haggis/Desktop/PP_Models/dissertation/imgs/Tdf21AutoCorr.pdf, id=1494, 5
87.19376pt x 442.65375pt>
File: /home/haggis/Desktop/PP_Models/dissertation/imgs/Tdf21AutoCorr.pdf Graphi
c file (type pdf)

<use /home/haggis/Desktop/PP_Models/dissertation/imgs/Tdf21AutoCorr.pdf>
</home/haggis/Desktop/PP_Models/dissertation/imgs/Tdf211295AutoCorr.pdf, id=149
6, 587.19376pt x 442.65375pt>
File: /home/haggis/Desktop/PP_Models/dissertation/imgs/Tdf211295AutoCorr.pdf Gr
aphic file (type pdf)

<use /home/haggis/Desktop/PP_Models/dissertation/imgs/Tdf211295AutoCorr.pdf>
</home/haggis/Desktop/PP_Models/dissertation/imgs/Tdf21SampDist.pdf, id=1499, 6
10.68152pt x 442.65375pt>
File: /home/haggis/Desktop/PP_Models/dissertation/imgs/Tdf21SampDist.pdf Graphi
c file (type pdf)

<use /home/haggis/Desktop/PP_Models/dissertation/imgs/Tdf21SampDist.pdf>
</home/haggis/Desktop/PP_Models/dissertation/imgs/Tdf211295SampDist.pdf, id=150
1, 587.19376pt x 442.65375pt>
File: /home/haggis/Desktop/PP_Models/dissertation/imgs/Tdf211295SampDist.pdf Gr
aphic file (type pdf)

<use /home/haggis/Desktop/PP_Models/dissertation/imgs/Tdf211295SampDist.pdf>
[21 </home/haggis/Desktop/PP_Models/dissertation/imgs/Tdf21AutoCorr.pdf> </home
/haggis/Desktop/PP_Models/dissertation/imgs/Tdf211295AutoCorr.pdf> </home/haggi
s/Desktop/PP_Models/dissertation/imgs/Tdf21SampDist.pdf> </home/haggis/Desktop/
PP_Models/dissertation/imgs/Tdf211295SampDist.pdf>]

LaTeX Warning: Reference `fig' on page 22 undefined on input line 254.


LaTeX Warning: Reference `dd' on page 22 undefined on input line 254.

File: /home/haggis/Desktop/PP_Models/dissertation/imgs/TdfSampDist.pdf Graphic 
file (type pdf)
<use /home/haggis/Desktop/PP_Models/dissertation/imgs/TdfSampDist.pdf>
</home/haggis/Desktop/PP_Models/dissertation/imgs/TdfBin3SampDist.pdf, id=1662,
 587.19376pt x 442.65375pt>
File: /home/haggis/Desktop/PP_Models/dissertation/imgs/TdfBin3SampDist.pdf Grap
hic file (type pdf)

<use /home/haggis/Desktop/PP_Models/dissertation/imgs/TdfBin3SampDist.pdf>
File: /home/haggis/Desktop/PP_Models/dissertation/imgs/Tdf21SampDist.pdf Graphi
c file (type pdf)

<use /home/haggis/Desktop/PP_Models/dissertation/imgs/Tdf21SampDist.pdf>
</home/haggis/Desktop/PP_Models/dissertation/imgs/Tdf21Bin3SampDist.pdf, id=166
4, 587.19376pt x 442.65375pt>
File: /home/haggis/Desktop/PP_Models/dissertation/imgs/Tdf21Bin3SampDist.pdf Gr
aphic file (type pdf)

<use /home/haggis/Desktop/PP_Models/dissertation/imgs/Tdf21Bin3SampDist.pdf>

LaTeX Warning: `h' float specifier changed to `ht'.


LaTeX Warning: Reference `tab' on page 22 undefined on input line 282.


LaTeX Warning: Reference `ttt' on page 22 undefined on input line 282.

[22 </home/haggis/Desktop/PP_Models/dissertation/imgs/TdfBin3SampDist.pdf>]

LaTeX Warning: Marginpar on page 23 moved.

[23 </home/haggis/Desktop/PP_Models/dissertation/imgs/Tdf21Bin3SampDist.pdf>]

LaTeX Warning: Reference `fff' on page 24 undefined on input line 330.


LaTeX Warning: Reference `fff' on page 24 undefined on input line 330.

[24] [25]
Underfull \vbox (badness 5260) has occurred while \output is active []

 [26]
Missing character: There is no â in font cmr10!
Missing character: There is no € in font cmr10!
Missing character: There is no ¦ in font cmr10!

</home/haggis/Desktop/PP_Models/dissertation/imgs/AllShiftsMax0001.pdf, id=1773
, 587.19376pt x 442.65375pt>
File: /home/haggis/Desktop/PP_Models/dissertation/imgs/AllShiftsMax0001.pdf Gra
phic file (type pdf)

<use /home/haggis/Desktop/PP_Models/dissertation/imgs/AllShiftsMax0001.pdf>
</home/haggis/Desktop/PP_Models/dissertation/imgs/AllShiftsMin0001.pdf, id=1775
, 587.19376pt x 442.65375pt>
File: /home/haggis/Desktop/PP_Models/dissertation/imgs/AllShiftsMin0001.pdf Gra
phic file (type pdf)

<use /home/haggis/Desktop/PP_Models/dissertation/imgs/AllShiftsMin0001.pdf>
</home/haggis/Desktop/PP_Models/dissertation/imgs/AllShiftsMax001.pdf, id=1777,
 587.19376pt x 442.65375pt>
File: /home/haggis/Desktop/PP_Models/dissertation/imgs/AllShiftsMax001.pdf Grap
hic file (type pdf)

<use /home/haggis/Desktop/PP_Models/dissertation/imgs/AllShiftsMax001.pdf>

LaTeX Warning: `h' float specifier changed to `ht'.

[27 </home/haggis/Desktop/PP_Models/dissertation/imgs/AllShiftsMax0001.pdf> </h
ome/haggis/Desktop/PP_Models/dissertation/imgs/AllShiftsMin0001.pdf>]
</home/haggis/Desktop/PP_Models/dissertation/imgs/05Shift001.pdf, id=1864, 587.
19376pt x 442.65375pt>
File: /home/haggis/Desktop/PP_Models/dissertation/imgs/05Shift001.pdf Graphic f
ile (type pdf)

<use /home/haggis/Desktop/PP_Models/dissertation/imgs/05Shift001.pdf>
</home/haggis/Desktop/PP_Models/dissertation/imgs/02505Shift001.pdf, id=1866, 5
87.19376pt x 442.65375pt>
File: /home/haggis/Desktop/PP_Models/dissertation/imgs/02505Shift001.pdf Graphi
c file (type pdf)

<use /home/haggis/Desktop/PP_Models/dissertation/imgs/02505Shift001.pdf>
[28 </home/haggis/Desktop/PP_Models/dissertation/imgs/AllShiftsMax001.pdf> </ho
me/haggis/Desktop/PP_Models/dissertation/imgs/05Shift001.pdf> </home/haggis/Des
ktop/PP_Models/dissertation/imgs/02505Shift001.pdf>]

LaTeX Warning: Marginpar on page 29 moved.

[29]

LaTeX Warning: Marginpar on page 30 moved.

) (./infEngine.tex [30]
Chapter 5.
[31

]

LaTeX Warning: Marginpar on page 32 moved.


</home/haggis/Desktop/PP_Models/dissertation/imgs/SliceMetCustPerf.pdf, id=2011
, 587.19376pt x 442.65375pt>
File: /home/haggis/Desktop/PP_Models/dissertation/imgs/SliceMetCustPerf.pdf Gra
phic file (type pdf)

<use /home/haggis/Desktop/PP_Models/dissertation/imgs/SliceMetCustPerf.pdf>
</home/haggis/Desktop/PP_Models/dissertation/imgs/SliceSampsMean.pdf, id=2013, 
587.19376pt x 442.65375pt>
File: /home/haggis/Desktop/PP_Models/dissertation/imgs/SliceSampsMean.pdf Graph
ic file (type pdf)

<use /home/haggis/Desktop/PP_Models/dissertation/imgs/SliceSampsMean.pdf>
[32 </home/haggis/Desktop/PP_Models/dissertation/imgs/SliceMetCustPerf.pdf>]
</home/haggis/Desktop/PP_Models/dissertation/imgs/SliceSampsStd.pdf, id=2057, 5
87.19376pt x 442.65375pt>
File: /home/haggis/Desktop/PP_Models/dissertation/imgs/SliceSampsStd.pdf Graphi
c file (type pdf)

<use /home/haggis/Desktop/PP_Models/dissertation/imgs/SliceSampsStd.pdf>

LaTeX Warning: Reference `fig' on page 33 undefined on input line 49.


LaTeX Warning: Reference `fig' on page 33 undefined on input line 49.


</home/haggis/Desktop/PP_Models/dissertation/imgs/Gauss2.pdf, id=2059, 587.1937
6pt x 442.65375pt>
File: /home/haggis/Desktop/PP_Models/dissertation/imgs/Gauss2.pdf Graphic file 
(type pdf)

<use /home/haggis/Desktop/PP_Models/dissertation/imgs/Gauss2.pdf>

LaTeX Warning: Reference `fig' on page 33 undefined on input line 54.


LaTeX Warning: Reference `fig' on page 33 undefined on input line 54.


Underfull \vbox (badness 3375) has occurred while \output is active []

 [33 </home/haggis/Desktop/PP_Models/dissertation/imgs/SliceSampsMean.pdf> </ho
me/haggis/Desktop/PP_Models/dissertation/imgs/SliceSampsStd.pdf>]
</home/haggis/Desktop/PP_Models/dissertation/imgs/Gauss20.pdf, id=2140, 587.193
76pt x 442.65375pt>
File: /home/haggis/Desktop/PP_Models/dissertation/imgs/Gauss20.pdf Graphic file
 (type pdf)

<use /home/haggis/Desktop/PP_Models/dissertation/imgs/Gauss20.pdf>

LaTeX Warning: Reference `fig' on page 34 undefined on input line 61.


LaTeX Warning: Reference `fig' on page 34 undefined on input line 61.


LaTeX Warning: Reference `chap' on page 34 undefined on input line 65.

[34 </home/haggis/Desktop/PP_Models/dissertation/imgs/Gauss2.pdf> </home/haggis
/Desktop/PP_Models/dissertation/imgs/Gauss20.pdf>]
</home/haggis/Desktop/PP_Models/dissertation/imgs/MetSampEvol.pdf, id=2214, 587
.19376pt x 442.65375pt>
File: /home/haggis/Desktop/PP_Models/dissertation/imgs/MetSampEvol.pdf Graphic 
file (type pdf)

<use /home/haggis/Desktop/PP_Models/dissertation/imgs/MetSampEvol.pdf>
</home/haggis/Desktop/PP_Models/dissertation/imgs/SliceSampEvol.pdf, id=2216, 5
87.19376pt x 442.65375pt>
File: /home/haggis/Desktop/PP_Models/dissertation/imgs/SliceSampEvol.pdf Graphi
c file (type pdf)

<use /home/haggis/Desktop/PP_Models/dissertation/imgs/SliceSampEvol.pdf>
</home/haggis/Desktop/PP_Models/dissertation/imgs/MetAutoCorr.pdf, id=2218, 587
.19376pt x 442.65375pt>
File: /home/haggis/Desktop/PP_Models/dissertation/imgs/MetAutoCorr.pdf Graphic 
file (type pdf)

<use /home/haggis/Desktop/PP_Models/dissertation/imgs/MetAutoCorr.pdf>
Underfull \vbox (badness 10000) has occurred while \output is active []

 [35 </home/haggis/Desktop/PP_Models/dissertation/imgs/MetSampEvol.pdf> </home/
haggis/Desktop/PP_Models/dissertation/imgs/SliceSampEvol.pdf>]
</home/haggis/Desktop/PP_Models/dissertation/imgs/SliceAutoCorr.pdf, id=2286, 5
87.19376pt x 442.65375pt>
File: /home/haggis/Desktop/PP_Models/dissertation/imgs/SliceAutoCorr.pdf Graphi
c file (type pdf)

<use /home/haggis/Desktop/PP_Models/dissertation/imgs/SliceAutoCorr.pdf>
</home/haggis/Desktop/PP_Models/dissertation/imgs/MetSampDist.pdf, id=2288, 587
.19376pt x 442.65375pt>
File: /home/haggis/Desktop/PP_Models/dissertation/imgs/MetSampDist.pdf Graphic 
file (type pdf)

<use /home/haggis/Desktop/PP_Models/dissertation/imgs/MetSampDist.pdf>
Underfull \vbox (badness 10000) has occurred while \output is active []

 [36 </home/haggis/Desktop/PP_Models/dissertation/imgs/MetAutoCorr.pdf> </home/
haggis/Desktop/PP_Models/dissertation/imgs/SliceAutoCorr.pdf>]
</home/haggis/Desktop/PP_Models/dissertation/imgs/SliceSampDist.pdf, id=2357, 5
87.19376pt x 442.65375pt>
File: /home/haggis/Desktop/PP_Models/dissertation/imgs/SliceSampDist.pdf Graphi
c file (type pdf)

<use /home/haggis/Desktop/PP_Models/dissertation/imgs/SliceSampDist.pdf>
Underfull \vbox (badness 10000) has occurred while \output is active []

 [37 </home/haggis/Desktop/PP_Models/dissertation/imgs/MetSampDist.pdf> </home/
haggis/Desktop/PP_Models/dissertation/imgs/SliceSampDist.pdf>]

LaTeX Warning: Reference `sect' on page 38 undefined on input line 133.


LaTeX Warning: Reference `fig' on page 38 undefined on input line 138.


LaTeX Warning: Reference `fig' on page 38 undefined on input line 138.


LaTeX Warning: Reference `fig' on page 38 undefined on input line 138.


Underfull \vbox (badness 3199) has occurred while \output is active []

 [38]
</home/haggis/Desktop/PP_Models/dissertation/imgs/MetLISampDist.pdf, id=2442, 6
12.48827pt x 442.65375pt>
File: /home/haggis/Desktop/PP_Models/dissertation/imgs/MetLISampDist.pdf Graphi
c file (type pdf)

<use /home/haggis/Desktop/PP_Models/dissertation/imgs/MetLISampDist.pdf>
</home/haggis/Desktop/PP_Models/dissertation/imgs/VentureLISampDist.pdf, id=244
4, 587.19376pt x 442.65375pt>
File: /home/haggis/Desktop/PP_Models/dissertation/imgs/VentureLISampDist.pdf Gr
aphic file (type pdf)

<use /home/haggis/Desktop/PP_Models/dissertation/imgs/VentureLISampDist.pdf>
</home/haggis/Desktop/PP_Models/dissertation/imgs/SliceLISampDist.pdf, id=2446,
 587.19376pt x 442.65375pt>
File: /home/haggis/Desktop/PP_Models/dissertation/imgs/SliceLISampDist.pdf Grap
hic file (type pdf)

<use /home/haggis/Desktop/PP_Models/dissertation/imgs/SliceLISampDist.pdf>
[39 </home/haggis/Desktop/PP_Models/dissertation/imgs/MetLISampDist.pdf> </home
/haggis/Desktop/PP_Models/dissertation/imgs/VentureLISampDist.pdf>]

LaTeX Warning: Reference `fig' on page 40 undefined on input line 161.


</home/haggis/Desktop/PP_Models/dissertation/imgs/TdfSliceLIComp.pdf, id=2519, 
587.19376pt x 442.65375pt>
File: /home/haggis/Desktop/PP_Models/dissertation/imgs/TdfSliceLIComp.pdf Graph
ic file (type pdf)

<use /home/haggis/Desktop/PP_Models/dissertation/imgs/TdfSliceLIComp.pdf>
Underfull \vbox (badness 10000) has occurred while \output is active []

 [40 </home/haggis/Desktop/PP_Models/dissertation/imgs/SliceLISampDist.pdf>]
</home/haggis/Desktop/PP_Models/dissertation/imgs/Normal1Post.pdf, id=2556, 604
.35785pt x 442.65375pt>
File: /home/haggis/Desktop/PP_Models/dissertation/imgs/Normal1Post.pdf Graphic 
file (type pdf)

<use /home/haggis/Desktop/PP_Models/dissertation/imgs/Normal1Post.pdf>
Underfull \vbox (badness 10000) has occurred while \output is active []

 [41 </home/haggis/Desktop/PP_Models/dissertation/imgs/TdfSliceLIComp.pdf>]
Overfull \hbox (2.59416pt too wide) detected at line 193
\OML/cmm/m/it/10 NormalMean\OT1/cmr/m/n/10 2 : \OML/cmm/m/it/10 m \OMS/cmsy/m/n
/10 ^^X \OML/cmm/m/it/10 N\OT1/cmr/m/n/10 (0\OML/cmm/m/it/10 ; \OT1/cmr/m/n/10 
1)\OML/cmm/m/it/10 v \OMS/cmsy/m/n/10 ^^X \OML/cmm/m/it/10 invGamma\OT1/cmr/m/n
/10 (3\OML/cmm/m/it/10 ; \OT1/cmr/m/n/10 1)\OML/cmm/m/it/10 observeN\OT1/cmr/m/
n/10 (\OML/cmm/m/it/10 m; v\OT1/cmr/m/n/10 ) = 5\OML/cmm/m/it/10 predictm
 []


</home/haggis/Desktop/PP_Models/dissertation/imgs/Normal2Post.pdf, id=2605, 607
.068pt x 442.65375pt>
File: /home/haggis/Desktop/PP_Models/dissertation/imgs/Normal2Post.pdf Graphic 
file (type pdf)

<use /home/haggis/Desktop/PP_Models/dissertation/imgs/Normal2Post.pdf>
Overfull \hbox (89.8448pt too wide) detected at line 211
\OML/cmm/m/it/10 NormalMean\OT1/cmr/m/n/10 3 : \OML/cmm/m/it/10 m \OMS/cmsy/m/n
/10 ^^X \OML/cmm/m/it/10 N\OT1/cmr/m/n/10 (0\OML/cmm/m/it/10 ; \OT1/cmr/m/n/10 
1)\OML/cmm/m/it/10 ifm < \OT1/cmr/m/n/10 0\OML/cmm/m/it/10 v \OMS/cmsy/m/n/10 ^
^X \OML/cmm/m/it/10 invGamma\OT1/cmr/m/n/10 (3\OML/cmm/m/it/10 ; \OT1/cmr/m/n/1
0 1)\OML/cmm/m/it/10 elsev \OT1/cmr/m/n/10 = 1\OML/cmm/m/it/10 =\OT1/cmr/m/n/10
 3\OML/cmm/m/it/10 observeN\OT1/cmr/m/n/10 (\OML/cmm/m/it/10 m; v\OT1/cmr/m/n/1
0 ) = 5\OML/cmm/m/it/10 predictm
 []


</home/haggis/Desktop/PP_Models/dissertation/imgs/Normal3Post.pdf, id=2607, 611
.58487pt x 442.65375pt>
File: /home/haggis/Desktop/PP_Models/dissertation/imgs/Normal3Post.pdf Graphic 
file (type pdf)

<use /home/haggis/Desktop/PP_Models/dissertation/imgs/Normal3Post.pdf> [42 </ho
me/haggis/Desktop/PP_Models/dissertation/imgs/Normal1Post.pdf> </home/haggis/De
sktop/PP_Models/dissertation/imgs/Normal2Post.pdf>]
</home/haggis/Desktop/PP_Models/dissertation/imgs/Normal1Runs.pdf, id=2685, 587
.19376pt x 442.65375pt>
File: /home/haggis/Desktop/PP_Models/dissertation/imgs/Normal1Runs.pdf Graphic 
file (type pdf)

<use /home/haggis/Desktop/PP_Models/dissertation/imgs/Normal1Runs.pdf>
Underfull \vbox (badness 10000) has occurred while \output is active []

 [43 </home/haggis/Desktop/PP_Models/dissertation/imgs/Normal3Post.pdf>]
</home/haggis/Desktop/PP_Models/dissertation/imgs/Normal1Quarts.pdf, id=2727, 5
87.19376pt x 442.65375pt>
File: /home/haggis/Desktop/PP_Models/dissertation/imgs/Normal1Quarts.pdf Graphi
c file (type pdf)

<use /home/haggis/Desktop/PP_Models/dissertation/imgs/Normal1Quarts.pdf>
</home/haggis/Desktop/PP_Models/dissertation/imgs/Normal2Runs.pdf, id=2729, 587
.19376pt x 442.65375pt>
File: /home/haggis/Desktop/PP_Models/dissertation/imgs/Normal2Runs.pdf Graphic 
file (type pdf)

<use /home/haggis/Desktop/PP_Models/dissertation/imgs/Normal2Runs.pdf> [44 </ho
me/haggis/Desktop/PP_Models/dissertation/imgs/Normal1Runs.pdf> </home/haggis/De
sktop/PP_Models/dissertation/imgs/Normal1Quarts.pdf>]
</home/haggis/Desktop/PP_Models/dissertation/imgs/Normal2Quarts.pdf, id=2816, 5
87.19376pt x 442.65375pt>
File: /home/haggis/Desktop/PP_Models/dissertation/imgs/Normal2Quarts.pdf Graphi
c file (type pdf)

<use /home/haggis/Desktop/PP_Models/dissertation/imgs/Normal2Quarts.pdf>
[45 </home/haggis/Desktop/PP_Models/dissertation/imgs/Normal2Runs.pdf> </home/h
aggis/Desktop/PP_Models/dissertation/imgs/Normal2Quarts.pdf>]
</home/haggis/Desktop/PP_Models/dissertation/imgs/Normal4Runs.pdf, id=2901, 587
.19376pt x 442.65375pt>
File: /home/haggis/Desktop/PP_Models/dissertation/imgs/Normal4Runs.pdf Graphic 
file (type pdf)

<use /home/haggis/Desktop/PP_Models/dissertation/imgs/Normal4Runs.pdf>
</home/haggis/Desktop/PP_Models/dissertation/imgs/Normal4Quarts.pdf, id=2903, 5
87.19376pt x 442.65375pt>
File: /home/haggis/Desktop/PP_Models/dissertation/imgs/Normal4Quarts.pdf Graphi
c file (type pdf)

<use /home/haggis/Desktop/PP_Models/dissertation/imgs/Normal4Quarts.pdf>

LaTeX Warning: Reference `sec' on page 46 undefined on input line 270.


LaTeX Warning: Reference `sec' on page 46 undefined on input line 270.


Underfull \vbox (badness 4872) has occurred while \output is active []

 [46 </home/haggis/Desktop/PP_Models/dissertation/imgs/Normal4Runs.pdf> </home/
haggis/Desktop/PP_Models/dissertation/imgs/Normal4Quarts.pdf>]
Overfull \hbox (221.52676pt too wide) detected at line 288
\OML/cmm/m/it/10 Branching\OT1/cmr/m/n/10 3 : \OML/cmm/m/it/10 pois\OT1/cmr/m/n
/10 1 \OMS/cmsy/m/n/10 ^^X \OML/cmm/m/it/10 Poisson\OT1/cmr/m/n/10 (4)\OML/cmm/
m/it/10 ifr > \OT1/cmr/m/n/10 4\OML/cmm/m/it/10 x \OT1/cmr/m/n/10 = 6\OML/cmm/m
/it/10 elsepois\OT1/cmr/m/n/10 2 \OMS/cmsy/m/n/10 ^^X \OML/cmm/m/it/10 Poisson\
OT1/cmr/m/n/10 (4)\OML/cmm/m/it/10 x \OT1/cmr/m/n/10 = \OML/cmm/m/it/10 fib\OT1
/cmr/m/n/10 (3 \OMS/cmsy/m/n/10 ^^C \OML/cmm/m/it/10 pois\OT1/cmr/m/n/10 1) + \
OML/cmm/m/it/10 pois\OT1/cmr/m/n/10 2\OML/cmm/m/it/10 observePoisson\OT1/cmr/m/
n/10 (\OML/cmm/m/it/10 x\OT1/cmr/m/n/10 ) = 6\OML/cmm/m/it/10 predictpois\OT1/c
mr/m/n/10 1
 []


LaTeX Warning: Reference `fig' on page 47 undefined on input line 292.


</home/haggis/Desktop/PP_Models/dissertation/imgs/BranchPost.pdf, id=2989, 587.
19376pt x 442.65375pt>
File: /home/haggis/Desktop/PP_Models/dissertation/imgs/BranchPost.pdf Graphic f
ile (type pdf)

<use /home/haggis/Desktop/PP_Models/dissertation/imgs/BranchPost.pdf>
Underfull \vbox (badness 10000) has occurred while \output is active []

 [47]
</home/haggis/Desktop/PP_Models/dissertation/imgs/BranchRuns.pdf, id=2998, 587.
19376pt x 442.65375pt>
File: /home/haggis/Desktop/PP_Models/dissertation/imgs/BranchRuns.pdf Graphic f
ile (type pdf)

<use /home/haggis/Desktop/PP_Models/dissertation/imgs/BranchRuns.pdf>
</home/haggis/Desktop/PP_Models/dissertation/imgs/BranchQuarts.pdf, id=3000, 58
7.19376pt x 442.65375pt>
File: /home/haggis/Desktop/PP_Models/dissertation/imgs/BranchQuarts.pdf Graphic
 file (type pdf)

<use /home/haggis/Desktop/PP_Models/dissertation/imgs/BranchQuarts.pdf>
[48 </home/haggis/Desktop/PP_Models/dissertation/imgs/BranchPost.pdf> </home/ha
ggis/Desktop/PP_Models/dissertation/imgs/BranchRuns.pdf>] [49 </home/haggis/Des
ktop/PP_Models/dissertation/imgs/BranchQuarts.pdf>]

LaTeX Warning: Marginpar on page 50 moved.


</home/haggis/Desktop/PP_Models/dissertation/imgs/BranchRunsSamps.pdf, id=3128,
 587.19376pt x 442.65375pt>
File: /home/haggis/Desktop/PP_Models/dissertation/imgs/BranchRunsSamps.pdf Grap
hic file (type pdf)

<use /home/haggis/Desktop/PP_Models/dissertation/imgs/BranchRunsSamps.pdf>
</home/haggis/Desktop/PP_Models/dissertation/imgs/BranchQuartsSamps.pdf, id=313
0, 587.19376pt x 442.65375pt>
File: /home/haggis/Desktop/PP_Models/dissertation/imgs/BranchQuartsSamps.pdf Gr
aphic file (type pdf)

<use /home/haggis/Desktop/PP_Models/dissertation/imgs/BranchQuartsSamps.pdf>
Underfull \vbox (badness 10000) has occurred while \output is active []

 [50 </home/haggis/Desktop/PP_Models/dissertation/imgs/BranchRunsSamps.pdf>]

LaTeX Warning: Reference `sec' on page 51 undefined on input line 347.


LaTeX Warning: Reference `fig' on page 51 undefined on input line 349.

[51 </home/haggis/Desktop/PP_Models/dissertation/imgs/BranchQuartsSamps.pdf>]
</home/haggis/Desktop/PP_Models/dissertation/imgs/BranchTraceLik.pdf, id=3222, 
587.19376pt x 442.65375pt>
File: /home/haggis/Desktop/PP_Models/dissertation/imgs/BranchTraceLik.pdf Graph
ic file (type pdf)

<use /home/haggis/Desktop/PP_Models/dissertation/imgs/BranchTraceLik.pdf>

LaTeX Warning: Reference `Fig' on page 52 undefined on input line 358.


LaTeX Warning: Reference `fig' on page 52 undefined on input line 360.


</home/haggis/Desktop/PP_Models/dissertation/imgs/BranchWrongTraceLik.pdf, id=3
224, 587.19376pt x 442.65375pt>
File: /home/haggis/Desktop/PP_Models/dissertation/imgs/BranchWrongTraceLik.pdf 
Graphic file (type pdf)

<use /home/haggis/Desktop/PP_Models/dissertation/imgs/BranchWrongTraceLik.pdf>
Underfull \vbox (badness 10000) has occurred while \output is active []

 [52 </home/haggis/Desktop/PP_Models/dissertation/imgs/BranchTraceLik.pdf>]

LaTeX Warning: Reference `fig' on page 53 undefined on input line 369.


</home/haggis/Desktop/PP_Models/dissertation/imgs/BranchWrongPost.pdf, id=3259,
 587.19376pt x 442.65375pt>
File: /home/haggis/Desktop/PP_Models/dissertation/imgs/BranchWrongPost.pdf Grap
hic file (type pdf)

<use /home/haggis/Desktop/PP_Models/dissertation/imgs/BranchWrongPost.pdf>
[53 </home/haggis/Desktop/PP_Models/dissertation/imgs/BranchWrongTraceLik.pdf> 
</home/haggis/Desktop/PP_Models/dissertation/imgs/BranchWrongPost.pdf>]

LaTeX Warning: Reference `fig' on page 54 undefined on input line 385.


</home/haggis/Desktop/PP_Models/dissertation/imgs/Normal4TDRuns.pdf, id=3334, 5
87.19376pt x 442.65375pt>
File: /home/haggis/Desktop/PP_Models/dissertation/imgs/Normal4TDRuns.pdf Graphi
c file (type pdf)

<use /home/haggis/Desktop/PP_Models/dissertation/imgs/Normal4TDRuns.pdf>
</home/haggis/Desktop/PP_Models/dissertation/imgs/Normal4TDQuarts.pdf, id=3336,
 587.19376pt x 442.65375pt>
File: /home/haggis/Desktop/PP_Models/dissertation/imgs/Normal4TDQuarts.pdf Grap
hic file (type pdf)

<use /home/haggis/Desktop/PP_Models/dissertation/imgs/Normal4TDQuarts.pdf>
Underfull \vbox (badness 10000) has occurred while \output is active []

 [54 </home/haggis/Desktop/PP_Models/dissertation/imgs/Normal4TDRuns.pdf>]

LaTeX Warning: Reference `fig' on page 55 undefined on input line 402.


</home/haggis/Desktop/PP_Models/dissertation/imgs/BranchTDRuns.pdf, id=3384, 58
7.19376pt x 442.65375pt>
File: /home/haggis/Desktop/PP_Models/dissertation/imgs/BranchTDRuns.pdf Graphic
 file (type pdf)

<use /home/haggis/Desktop/PP_Models/dissertation/imgs/BranchTDRuns.pdf>
</home/haggis/Desktop/PP_Models/dissertation/imgs/BranchTDQuarts.pdf, id=3386, 
587.19376pt x 442.65375pt>
File: /home/haggis/Desktop/PP_Models/dissertation/imgs/BranchTDQuarts.pdf Graph
ic file (type pdf)

<use /home/haggis/Desktop/PP_Models/dissertation/imgs/BranchTDQuarts.pdf>
[55 </home/haggis/Desktop/PP_Models/dissertation/imgs/Normal4TDQuarts.pdf> </ho
me/haggis/Desktop/PP_Models/dissertation/imgs/BranchTDRuns.pdf>])
(./conclusions.tex [56 </home/haggis/Desktop/PP_Models/dissertation/imgs/Branch
TDQuarts.pdf>]
Chapter 6.
) [57

] (./acs-dissertation.aux)

LaTeX Warning: There were undefined references.


LaTeX Warning: There were multiply-defined labels.

 ) 
Here is how much of TeX's memory you used:
 15358 strings out of 493848
 289006 string characters out of 1152823
 339358 words of memory out of 3000000
 18025 multiletter control sequences out of 15000+50000
 13793 words of font info for 28 fonts, out of 3000000 for 9000
 714 hyphenation exceptions out of 8191
 63i,10n,90p,946b,778s stack positions out of 5000i,500n,10000p,200000b,50000s
{/usr/share/texmf/fonts/enc/dvips/cm-super/cm-super-t1.enc}</usr/share/texmf-
texlive/fonts/type1/public/amsfonts/cm/cmmi10.pfb></usr/share/texmf-texlive/fon
ts/type1/public/amsfonts/cm/cmmi7.pfb></usr/share/texmf-texlive/fonts/type1/pub
lic/amsfonts/cm/cmr10.pfb></usr/share/texmf-texlive/fonts/type1/public/amsfonts
/cm/cmr7.pfb></usr/share/texmf-texlive/fonts/type1/public/amsfonts/cm/cmsy10.pf
b></usr/share/texmf-texlive/fonts/type1/public/amsfonts/cm/cmsy7.pfb></usr/shar
e/texmf/fonts/type1/public/cm-super/sfbx1000.pfb></usr/share/texmf/fonts/type1/
public/cm-super/sfbx1200.pfb></usr/share/texmf/fonts/type1/public/cm-super/sfbx
1440.pfb></usr/share/texmf/fonts/type1/public/cm-super/sfbx2074.pfb></usr/share
/texmf/fonts/type1/public/cm-super/sfbx2488.pfb></usr/share/texmf/fonts/type1/p
ublic/cm-super/sfcc1000.pfb></usr/share/texmf/fonts/type1/public/cm-super/sfrm0
900.pfb></usr/share/texmf/fonts/type1/public/cm-super/sfrm1000.pfb></usr/share/
texmf/fonts/type1/public/cm-super/sfrm1440.pfb></usr/share/texmf/fonts/type1/pu
blic/cm-super/sfrm2074.pfb></usr/share/texmf/fonts/type1/public/cm-super/sfti12
00.pfb></usr/share/texmf/fonts/type1/public/cm-super/sftt1000.pfb>
Output written on acs-dissertation.pdf (71 pages, 46336900 bytes).
PDF statistics:
 3626 PDF objects out of 4296 (max. 8388607)
 198 named destinations out of 1000 (max. 500000)
 651 words of extra memory for PDF output out of 10000 (max. 10000000)

